#
# A fatal error has been detected by the Java Runtime Environment:
#
#  SIGSEGV (0xb) at pc=0x001400010bc02723, pid=37073, tid=0x0000000000000103
#
# JRE version: Java(TM) SE Runtime Environment (8.0_311-b11) (build 1.8.0_311-b11)
# Java VM: Java HotSpot(TM) 64-Bit Server VM (25.311-b11 mixed mode bsd-amd64 compressed oops)
# Problematic frame:
# C  0x001400010bc02723
#
# Failed to write core dump. Core dumps have been disabled. To enable core dumping, try "ulimit -c unlimited" before starting Java again
#
# If you would like to submit a bug report, please visit:
#   http://bugreport.java.com/bugreport/crash.jsp
# The crash happened outside the Java Virtual Machine in native code.
# See problematic frame for where to report the bug.
#

---------------  T H R E A D  ---------------

Current thread (0x00007f892b51b800):  JavaThread "main" [_thread_in_native, id=259, stack(0x00000003069d6000,0x00000003071d6000)]

siginfo: si_signo: 11 (SIGSEGV), si_code: 1 (SEGV_MAPERR), si_addr: 0x001400010bc02723

Registers:
RAX=0x00007f894a750690, RBX=0x00007f894a750688, RCX=0x00007f8970092fe0, RDX=0x000000010bfac4c8
RSP=0x00000003071b83d0, RBP=0x00000003071b8cc0, RSI=0x00007f890b9834e0, RDI=0x0000000000000000
R8 =0x0000ffff00000000, R9 =0x0000ffff11000000, R10=0x00007f890c594ef8, R11=0x00007f894a750690
R12=0x0000000000000000, R13=0x00007f890b9a7cc0, R14=0x0000000000000001, R15=0x00007f890c594ea8
RIP=0x001400010bc02723, EFLAGS=0x0000000000000206, ERR=0x0000000000000014
  TRAPNO=0x000000000000000e

Top of Stack: (sp=0x00000003071b83d0)
0x00000003071b83d0:   00000003071b8440 000000010bbf6c96
0x00000003071b83e0:   00000003071b8410 00007ff815183ac9
0x00000003071b83f0:   0000000000000002 0000000000000000
0x00000003071b8400:   0000000000000001 0000000000000001
0x00000003071b8410:   00007f897a815ce0 00007f890d103428
0x00000003071b8420:   daec059c12c4009a 00000003071b8558
0x00000003071b8430:   00000003071bcf50 00007ff856a4b7e0
0x00000003071b8440:   ffffffffffffffff 0000000000000000
0x00000003071b8450:   00000003071b8540 00007ff8151758b5
0x00000003071b8460:   0000000000000000 00000003071b87d0
0x00000003071b8470:   0000000100000001 0000000100000001
0x00000003071b8480:   00007f897b0fd368 00007f891890b1b0
0x00000003071b8490:   0000000000000000 fffffffffffffff8
0x00000003071b84a0:   0000000000000000 2000000000000000
0x00000003071b84b0:   0000000000000004 0000000000000001
0x00000003071b84c0:   00007f897b0fcb58 00007f890d103428
0x00000003071b84d0:   0000000000000000 0000000000000001
0x00000003071b84e0:   00000000071b85a0 00007f897c207800
0x00000003071b84f0:   0000000000000002 00000000071bcd02
0x00000003071b8500:   00007f891924f0c8 0000000000000000
0x00000003071b8510:   daec059c12c4009a 00000003071b8f30
0x00000003071b8520:   0000000000000000 00007f891924f138
0x00000003071b8530:   0000000000002001 00000003071b85f6
0x00000003071b8540:   00000003071b86f0 00007ff8151a87ec
0x00000003071b8550:   00000003071b9778 00007f8970092ef0
0x00000003071b8560:   00001ffe00000001 00000000ffff0208
0x00000003071b8570:   00000003071b8f30 00007f8900002000
0x00000003071b8580:   00007f897a932db8 00007f8918c58658
0x00000003071b8590:   000000010bfac6d8 0000000000000000
0x00000003071b85a0:   00000003071bed40 000000010bcd3d88
0x00000003071b85b0:   0bfac7700000000c 514917c800000001
0x00000003071b85c0:   00000003071b85f8 0000000000000001 

Instructions: (pc=0x001400010bc02723)
0x001400010bc02703:   
[error occurred during error reporting (printing registers, top of stack, instructions near pc), id 0xb]

Register to memory mapping:

RAX=0x00007f894a750690 is an unknown value
RBX=0x00007f894a750688 is an unknown value
RCX=0x00007f8970092fe0 is an unknown value
RDX=0x000000010bfac4c8: R_BCNodeStackTop+0 in /Library/Frameworks/R.framework/Versions/4.1/Resources/lib/libR.dylib at 0x000000010bb48000
RSP=0x00000003071b83d0 is pointing into the stack for thread: 0x00007f892b51b800
RBP=0x00000003071b8cc0 is pointing into the stack for thread: 0x00007f892b51b800
RSI=0x00007f890b9834e0 is an unknown value
RDI=0x0000000000000000 is an unknown value
R8 =0x0000ffff00000000 is an unknown value
R9 =0x0000ffff11000000 is an unknown value
R10=0x00007f890c594ef8 is an unknown value
R11=0x00007f894a750690 is an unknown value
R12=0x0000000000000000 is an unknown value
R13=0x00007f890b9a7cc0 is an unknown value
R14=0x0000000000000001 is an unknown value
R15=0x00007f890c594ea8 is an unknown value


Stack: [0x00000003069d6000,0x00000003071d6000],  sp=0x00000003071b83d0,  free space=8072k
Native frames: (J=compiled Java code, j=interpreted, Vv=VM code, C=native code)
C  0x001400010bc02723
C  [libR.dylib+0xb85b1]  Rf_eval+0x181
C  [libR.dylib+0xd692c]  forcePromise+0xac
C  [libR.dylib+0xe1f7a]  getvar+0x30a
C  [libR.dylib+0xbc737]  bcEval+0x3ad7
C  [libR.dylib+0xb85b1]  Rf_eval+0x181
C  [libR.dylib+0xd8429]  R_execClosure+0x879
C  [libR.dylib+0xd7217]  Rf_applyClosure+0x1d7
C  [libR.dylib+0xbf4fe]  bcEval+0x689e
C  [libR.dylib+0xb85b1]  Rf_eval+0x181
C  [libR.dylib+0xd8429]  R_execClosure+0x879
C  [libR.dylib+0xd7217]  Rf_applyClosure+0x1d7
C  [libR.dylib+0xbf4fe]  bcEval+0x689e
C  [libR.dylib+0xb85b1]  Rf_eval+0x181
C  [libR.dylib+0xd692c]  forcePromise+0xac
C  [libR.dylib+0xe1f7a]  getvar+0x30a
C  [libR.dylib+0xbc737]  bcEval+0x3ad7
C  [libR.dylib+0xb85b1]  Rf_eval+0x181
C  [libR.dylib+0xd692c]  forcePromise+0xac
C  [libR.dylib+0xe1f7a]  getvar+0x30a
C  [libR.dylib+0xbc737]  bcEval+0x3ad7
C  [libR.dylib+0xb85b1]  Rf_eval+0x181
C  [libR.dylib+0xd8429]  R_execClosure+0x879
C  [libR.dylib+0xd7217]  Rf_applyClosure+0x1d7
C  [libR.dylib+0xbf4fe]  bcEval+0x689e
C  [libR.dylib+0xb85b1]  Rf_eval+0x181
C  [libR.dylib+0xd8429]  R_execClosure+0x879
C  [libR.dylib+0xd7217]  Rf_applyClosure+0x1d7
C  [libR.dylib+0xbf4fe]  bcEval+0x689e
C  [libR.dylib+0xb85b1]  Rf_eval+0x181
C  [libR.dylib+0xd8429]  R_execClosure+0x879
C  [libR.dylib+0xd7217]  Rf_applyClosure+0x1d7
C  [libR.dylib+0xbf4fe]  bcEval+0x689e
C  [libR.dylib+0xb85b1]  Rf_eval+0x181
C  [libR.dylib+0xd692c]  forcePromise+0xac
C  [libR.dylib+0xe1f7a]  getvar+0x30a
C  [libR.dylib+0xbc737]  bcEval+0x3ad7
C  [libR.dylib+0xb85b1]  Rf_eval+0x181
C  [libR.dylib+0xd692c]  forcePromise+0xac
C  [libR.dylib+0xe1f7a]  getvar+0x30a
C  [libR.dylib+0xbc737]  bcEval+0x3ad7
C  [libR.dylib+0xb85b1]  Rf_eval+0x181
C  [libR.dylib+0xd692c]  forcePromise+0xac
C  [libR.dylib+0xe1f7a]  getvar+0x30a
C  [libR.dylib+0xbc737]  bcEval+0x3ad7
C  [libR.dylib+0xb85b1]  Rf_eval+0x181
C  [libR.dylib+0xd692c]  forcePromise+0xac
C  [libR.dylib+0xe1f7a]  getvar+0x30a
C  [libR.dylib+0xbc737]  bcEval+0x3ad7
C  [libR.dylib+0xb85b1]  Rf_eval+0x181
C  [libR.dylib+0xd8429]  R_execClosure+0x879
C  [libR.dylib+0xd7217]  Rf_applyClosure+0x1d7
C  [libR.dylib+0xbf4fe]  bcEval+0x689e
C  [libR.dylib+0xb85b1]  Rf_eval+0x181
C  [libR.dylib+0xd8429]  R_execClosure+0x879
C  [libR.dylib+0xd7217]  Rf_applyClosure+0x1d7
C  [libR.dylib+0xbf4fe]  bcEval+0x689e
C  [libR.dylib+0xb85b1]  Rf_eval+0x181
C  [libR.dylib+0xd8429]  R_execClosure+0x879
C  [libR.dylib+0xd7217]  Rf_applyClosure+0x1d7
C  [libR.dylib+0xbf4fe]  bcEval+0x689e
C  [libR.dylib+0xb85b1]  Rf_eval+0x181
C  [libR.dylib+0xd8429]  R_execClosure+0x879
C  [libR.dylib+0xd7217]  Rf_applyClosure+0x1d7
C  [libR.dylib+0xbf4fe]  bcEval+0x689e
C  [libR.dylib+0xb85b1]  Rf_eval+0x181
C  [libR.dylib+0xd8429]  R_execClosure+0x879
C  [libR.dylib+0xd7217]  Rf_applyClosure+0x1d7
C  [libR.dylib+0xb8a6b]  Rf_eval+0x63b
C  [libR.dylib+0xd7a34]  R_cmpfun1+0x164
C  [libR.dylib+0xd7e80]  R_execClosure+0x2d0
C  [libR.dylib+0xd7217]  Rf_applyClosure+0x1d7
C  [libR.dylib+0xd90e4]  R_forceAndCall+0x364
C  [libR.dylib+0x179d5]  do_lapply+0x3b5
C  [libR.dylib+0x1202fa]  do_internal+0x16a
C  [libR.dylib+0xbfddd]  bcEval+0x717d
C  [libR.dylib+0xb85b1]  Rf_eval+0x181
C  [libR.dylib+0xd8429]  R_execClosure+0x879
C  [libR.dylib+0xd7217]  Rf_applyClosure+0x1d7
C  [libR.dylib+0xb8a6b]  Rf_eval+0x63b
C  [libR.dylib+0xdbaf6]  do_set+0x9e6
C  [libR.dylib+0xb87a7]  Rf_eval+0x377
C  [libR.dylib+0xdadce]  do_begin+0x1ce
C  [libR.dylib+0xb87a7]  Rf_eval+0x377
C  [libR.dylib+0xd8429]  R_execClosure+0x879
C  [libR.dylib+0xd7217]  Rf_applyClosure+0x1d7
C  [libR.dylib+0xb8a6b]  Rf_eval+0x63b
C  [libR.dylib+0xdadce]  do_begin+0x1ce
C  [libR.dylib+0xb87a7]  Rf_eval+0x377
C  [libR.dylib+0xd8429]  R_execClosure+0x879
C  [libR.dylib+0xd7217]  Rf_applyClosure+0x1d7
C  [libR.dylib+0xb8a6b]  Rf_eval+0x63b
C  [libR.dylib+0xb3045]  jump_to_top_ex+0x125
C  [libR.dylib+0xb2bbe]  verrorcall_dflt+0xe3e
C  [libR.dylib+0xb0259]  Rf_errorcall+0x119
C  [libR.dylib+0xb2ef5]  Rf_error+0xc5
C  [libR.dylib+0x112fc1]  SET_VECTOR_ELT+0x201
C  [libR.dylib+0xa5af9]  R_HashSet+0x99
C  [libR.dylib+0xb000b]  R_AddGlobalCache+0xbb
C  [libR.dylib+0xafeab]  findGlobalVarLoc+0x1ab
...<more frames>...


---------------  P R O C E S S  ---------------

Java Threads: ( => current thread )
  0x00007f892c3f2800 JavaThread "Service Thread" daemon [_thread_blocked, id=22535, stack(0x0000000308b36000,0x0000000308d36000)]
  0x00007f892de62800 JavaThread "C1 CompilerThread3" daemon [_thread_blocked, id=22019, stack(0x0000000308a33000,0x0000000308b33000)]
  0x00007f895a831000 JavaThread "C2 CompilerThread2" daemon [_thread_blocked, id=21763, stack(0x0000000308930000,0x0000000308a30000)]
  0x00007f892de16800 JavaThread "C2 CompilerThread1" daemon [_thread_blocked, id=16387, stack(0x000000030882d000,0x000000030892d000)]
  0x00007f892b593800 JavaThread "C2 CompilerThread0" daemon [_thread_blocked, id=16643, stack(0x000000030872a000,0x000000030882a000)]
  0x00007f895cbc1000 JavaThread "Attach Listener" daemon [_thread_blocked, id=16931, stack(0x0000000308527000,0x0000000308727000)]
  0x00007f895c884800 JavaThread "Finalizer" daemon [_thread_blocked, id=18947, stack(0x000000030818d000,0x000000030838d000)]
  0x00007f8938fce000 JavaThread "Reference Handler" daemon [_thread_blocked, id=19491, stack(0x0000000307f8a000,0x000000030818a000)]
=>0x00007f892b51b800 JavaThread "main" [_thread_in_native, id=259, stack(0x00000003069d6000,0x00000003071d6000)]

Other Threads:
  0x00007f895c8e3800 VMThread [stack: 0x0000000307e87000,0x0000000307f87000] [id=19971]
  0x00007f895dc32000 WatcherThread [stack: 0x0000000308d39000,0x0000000308e39000] [id=23315]

VM state:not at safepoint (normal execution)

VM Mutex/Monitor currently owned by a thread: None

heap address: 0x00000007a0000000, size: 512 MB, Compressed Oops mode: Zero based, Oop shift amount: 3
Narrow klass base: 0x0000000000000000, Narrow klass shift: 3
Compressed class space size: 1073741824 Address: 0x00000007c0000000

Heap:
 PSYoungGen      total 153088K, used 23701K [0x00000007b5580000, 0x00000007c0000000, 0x00000007c0000000)
  eden space 131584K, 18% used [0x00000007b5580000,0x00000007b6ca56f8,0x00000007bd600000)
  from space 21504K, 0% used [0x00000007beb00000,0x00000007beb00000,0x00000007c0000000)
  to   space 21504K, 0% used [0x00000007bd600000,0x00000007bd600000,0x00000007beb00000)
 ParOldGen       total 349696K, used 0K [0x00000007a0000000, 0x00000007b5580000, 0x00000007b5580000)
  object space 349696K, 0% used [0x00000007a0000000,0x00000007a0000000,0x00000007b5580000)
 Metaspace       used 7175K, capacity 7944K, committed 8192K, reserved 1056768K
  class space    used 911K, capacity 948K, committed 1024K, reserved 1048576K

Card table byte_map: [0x00000001148c8000,0x00000001149c9000] byte_map_base: 0x0000000110bc8000

Marking Bits: (ParMarkBitMap*) 0x000000011594f2e8
 Begin Bits: [0x000000012600e000, 0x000000012680e000)
 End Bits:   [0x000000012680e000, 0x000000012700e000)

Polling page: 0x000000010bb11000

CodeCache: size=245760Kb used=2633Kb max_used=2638Kb free=243126Kb
 bounds [0x000000011700e000, 0x00000001172ae000, 0x000000012600e000]
 total_blobs=826 nmethods=555 adapters=186
 compilation: enabled

Compilation events (10 events):
Event: 0.605 Thread 0x00007f892de62800  550       3       java.util.Collections::eq (22 bytes)
Event: 0.605 Thread 0x00007f892de62800 nmethod 550 0x000000011729b410 code [0x000000011729b580, 0x000000011729b828]
Event: 0.605 Thread 0x00007f892de62800  552       3       java.util.Collections$SingletonSet::iterator (8 bytes)
Event: 0.605 Thread 0x00007f892de62800 nmethod 552 0x000000011729ae50 code [0x000000011729afc0, 0x000000011729b2b0]
Event: 0.608 Thread 0x00007f895a831000 nmethod 551 0x00000001172a1910 code [0x00000001172a1a60, 0x00000001172a1d38]
Event: 0.610 Thread 0x00007f892b593800 nmethod 545 0x00000001172a1ed0 code [0x00000001172a2300, 0x00000001172a3168]
Event: 0.613 Thread 0x00007f892de62800  554       3       java.lang.String::toLowerCase (8 bytes)
Event: 0.614 Thread 0x00007f892de62800 nmethod 554 0x00000001172a1490 code [0x00000001172a1600, 0x00000001172a1868]
Event: 0.614 Thread 0x00007f892de62800  555       3       org.apache.xmlbeans.impl.store.Xobj::isAttr (14 bytes)
Event: 0.614 Thread 0x00007f892de62800 nmethod 555 0x00000001172a0fd0 code [0x00000001172a1140, 0x00000001172a13d0]

GC Heap History (0 events):
No events

Deoptimization events (8 events):
Event: 0.285 Thread 0x00007f892b51b800 Uncommon trap: reason=unstable_if action=reinterpret pc=0x0000000117193788 method=java.lang.String.indexOf([CII[CIII)I @ 123
Event: 0.286 Thread 0x00007f892b51b800 Uncommon trap: reason=unstable_if action=reinterpret pc=0x000000011716bdbc method=java.lang.String.indexOf([CII[CIII)I @ 123
Event: 0.358 Thread 0x00007f892b51b800 Uncommon trap: reason=unstable_if action=reinterpret pc=0x00000001171f3aa4 method=java.lang.String.indexOf([CII[CIII)I @ 134
Event: 0.364 Thread 0x00007f892b51b800 Uncommon trap: reason=unstable_if action=reinterpret pc=0x00000001171f22e4 method=sun.net.www.ParseUtil.encodePath(Ljava/lang/String;Z)Ljava/lang/String; @ 109
Event: 0.415 Thread 0x00007f892b51b800 Uncommon trap: reason=unstable_if action=reinterpret pc=0x0000000117210768 method=java.io.DataInputStream.readUTF(Ljava/io/DataInput;)Ljava/lang/String; @ 31
Event: 0.441 Thread 0x00007f892b51b800 Uncommon trap: reason=unstable_if action=reinterpret pc=0x000000011720fc78 method=java.util.HashMap.getNode(ILjava/lang/Object;)Ljava/util/HashMap$Node; @ 116
Event: 0.458 Thread 0x00007f892b51b800 Uncommon trap: reason=unstable_if action=reinterpret pc=0x000000011720e5a8 method=java.util.HashMap.getNode(ILjava/lang/Object;)Ljava/util/HashMap$Node; @ 116
Event: 0.468 Thread 0x00007f892b51b800 Uncommon trap: reason=unstable_if action=reinterpret pc=0x0000000117233b64 method=org.apache.xmlbeans.impl.schema.SchemaTypeSystemImpl$StringPool.stringForCode(I)Ljava/lang/String; @ 1

Classes redefined (0 events):
No events

Internal exceptions (10 events):
Event: 0.293 Thread 0x00007f892b51b800 Exception <a 'java/security/PrivilegedActionException'> (0x00000007b5fdebc0) thrown at [/System/Volumes/Data/jenkins/workspace/8-2-build-macosx-x86_64/jdk8u311/1894/hotspot/src/share/vm/prims/jvm.cpp, line 1523]
Event: 0.294 Thread 0x00007f892b51b800 Exception <a 'java/security/PrivilegedActionException'> (0x00000007b5fdedd0) thrown at [/System/Volumes/Data/jenkins/workspace/8-2-build-macosx-x86_64/jdk8u311/1894/hotspot/src/share/vm/prims/jvm.cpp, line 1523]
Event: 0.351 Thread 0x00007f892b51b800 Exception <a 'java/security/PrivilegedActionException'> (0x00000007b6249a80) thrown at [/System/Volumes/Data/jenkins/workspace/8-2-build-macosx-x86_64/jdk8u311/1894/hotspot/src/share/vm/prims/jvm.cpp, line 1523]
Event: 0.351 Thread 0x00007f892b51b800 Exception <a 'java/security/PrivilegedActionException'> (0x00000007b6249e78) thrown at [/System/Volumes/Data/jenkins/workspace/8-2-build-macosx-x86_64/jdk8u311/1894/hotspot/src/share/vm/prims/jvm.cpp, line 1523]
Event: 0.367 Thread 0x00007f892b51b800 Exception <a 'java/security/PrivilegedActionException'> (0x00000007b6262148) thrown at [/System/Volumes/Data/jenkins/workspace/8-2-build-macosx-x86_64/jdk8u311/1894/hotspot/src/share/vm/prims/jvm.cpp, line 1523]
Event: 0.367 Thread 0x00007f892b51b800 Exception <a 'java/security/PrivilegedActionException'> (0x00000007b6262540) thrown at [/System/Volumes/Data/jenkins/workspace/8-2-build-macosx-x86_64/jdk8u311/1894/hotspot/src/share/vm/prims/jvm.cpp, line 1523]
Event: 0.371 Thread 0x00007f892b51b800 Exception <a 'java/security/PrivilegedActionException'> (0x00000007b6276b60) thrown at [/System/Volumes/Data/jenkins/workspace/8-2-build-macosx-x86_64/jdk8u311/1894/hotspot/src/share/vm/prims/jvm.cpp, line 1523]
Event: 0.371 Thread 0x00007f892b51b800 Exception <a 'java/security/PrivilegedActionException'> (0x00000007b6276f58) thrown at [/System/Volumes/Data/jenkins/workspace/8-2-build-macosx-x86_64/jdk8u311/1894/hotspot/src/share/vm/prims/jvm.cpp, line 1523]
Event: 0.371 Thread 0x00007f892b51b800 Exception <a 'java/security/PrivilegedActionException'> (0x00000007b6280270) thrown at [/System/Volumes/Data/jenkins/workspace/8-2-build-macosx-x86_64/jdk8u311/1894/hotspot/src/share/vm/prims/jvm.cpp, line 1523]
Event: 0.371 Thread 0x00007f892b51b800 Exception <a 'java/security/PrivilegedActionException'> (0x00000007b6280668) thrown at [/System/Volumes/Data/jenkins/workspace/8-2-build-macosx-x86_64/jdk8u311/1894/hotspot/src/share/vm/prims/jvm.cpp, line 1523]

Events (10 events):
Event: 0.613 loading class org/openxmlformats/schemas/spreadsheetml/x2006/main/impl/STBorderIdImpl
Event: 0.613 loading class org/openxmlformats/schemas/spreadsheetml/x2006/main/impl/STBorderIdImpl done
Event: 0.614 loading class org/openxmlformats/schemas/spreadsheetml/x2006/main/STBorderId
Event: 0.614 loading class org/openxmlformats/schemas/spreadsheetml/x2006/main/STBorderId done
Event: 0.615 loading class org/openxmlformats/schemas/spreadsheetml/x2006/main/impl/STCellStyleXfIdImpl
Event: 0.615 loading class org/openxmlformats/schemas/spreadsheetml/x2006/main/impl/STCellStyleXfIdImpl done
Event: 0.615 loading class org/openxmlformats/schemas/spreadsheetml/x2006/main/STCellStyleXfId
Event: 0.615 loading class org/openxmlformats/schemas/spreadsheetml/x2006/main/STCellStyleXfId done
Event: 4.083 Executing VM operation: EnableBiasedLocking
Event: 4.084 Executing VM operation: EnableBiasedLocking done


Dynamic libraries:
0x000000010bb48000 	/Library/Frameworks/R.framework/Versions/4.1/Resources/lib/libR.dylib
0x000000010b7a2000 	/Applications/RStudio.app/Contents/Frameworks/libpq.5.dylib
0x000000010b8bb000 	/Applications/RStudio.app/Contents/Frameworks/libssl.1.1.dylib
0x000000010c829000 	/Applications/RStudio.app/Contents/Frameworks/libcrypto.1.1.dylib
0x00007ff817c81000 	/System/Library/Frameworks/AppKit.framework/Versions/C/AppKit
0x00007ff818b0e000 	/System/Library/PrivateFrameworks/UIFoundation.framework/Versions/A/UIFoundation
0x00007ff8263b8000 	/System/Library/PrivateFrameworks/RemoteViewServices.framework/Versions/A/RemoteViewServices
0x00007ff81e6b7000 	/System/Library/PrivateFrameworks/XCTTargetBootstrap.framework/Versions/A/XCTTargetBootstrap
0x00007ff82238f000 	/System/Library/PrivateFrameworks/InternationalSupport.framework/Versions/A/InternationalSupport
0x00007ff822419000 	/System/Library/PrivateFrameworks/UserActivity.framework/Versions/A/UserActivity
0x00007ff821776000 	/usr/lib/libspindump.dylib
0x00007ff818d9c000 	/System/Library/Frameworks/UniformTypeIdentifiers.framework/Versions/A/UniformTypeIdentifiers
0x00007ff81cdf6000 	/usr/lib/libapp_launch_measurement.dylib
0x00007ff81bbab000 	/System/Library/PrivateFrameworks/CoreAnalytics.framework/Versions/A/CoreAnalytics
0x00007ff81cdf9000 	/System/Library/PrivateFrameworks/CoreAutoLayout.framework/Versions/A/CoreAutoLayout
0x00007ff81b1d1000 	/System/Library/Frameworks/CoreData.framework/Versions/A/CoreData
0x00007ff81e018000 	/System/Library/Frameworks/Metal.framework/Versions/A/Metal
0x00007ff81ed2f000 	/usr/lib/liblangid.dylib
0x00007ff81e6bb000 	/System/Library/PrivateFrameworks/CoreSVG.framework/Versions/A/CoreSVG
0x00007ff81a15e000 	/System/Library/PrivateFrameworks/SkyLight.framework/Versions/A/SkyLight
0x00007ff81a4ef000 	/System/Library/Frameworks/CoreGraphics.framework/Versions/A/CoreGraphics
0x00007ff826a23000 	/System/Library/Frameworks/Accelerate.framework/Versions/A/Accelerate
0x00007ff8211f1000 	/System/Library/PrivateFrameworks/IconServices.framework/Versions/A/IconServices
0x00007ff81dffd000 	/System/Library/Frameworks/IOSurface.framework/Versions/A/IOSurface
0x00007ff81bbd9000 	/usr/lib/libDiagnosticMessagesClient.dylib
0x00007ff8203de000 	/usr/lib/libz.1.dylib
0x00007ff82a082000 	/System/Library/Frameworks/ApplicationServices.framework/Versions/A/ApplicationServices
0x00007ff81e6a3000 	/System/Library/PrivateFrameworks/DFRFoundation.framework/Versions/A/DFRFoundation
0x00007ff817572000 	/usr/lib/libicucore.A.dylib
0x00007ff8230b1000 	/System/Library/Frameworks/AudioToolbox.framework/Versions/A/AudioToolbox
0x00007ff82239b000 	/System/Library/PrivateFrameworks/DataDetectorsCore.framework/Versions/A/DataDetectorsCore
0x00007ff91db30000 	/System/Library/PrivateFrameworks/TextInput.framework/Versions/A/TextInput
0x00007ff81609c000 	/System/Library/Frameworks/Foundation.framework/Versions/C/Foundation
0x00007ff81a0e1000 	/usr/lib/libMobileGestalt.dylib
0x00007ff81e3ab000 	/System/Library/Frameworks/Carbon.framework/Versions/A/Frameworks/HIToolbox.framework/Versions/A/HIToolbox
0x00007ff81c824000 	/System/Library/Frameworks/QuartzCore.framework/Versions/A/QuartzCore
0x00007ff817213000 	/System/Library/Frameworks/Security.framework/Versions/A/Security
0x00007ff8263f0000 	/System/Library/Frameworks/Carbon.framework/Versions/A/Frameworks/SpeechRecognition.framework/Versions/A/SpeechRecognition
0x00007ff81cb56000 	/System/Library/PrivateFrameworks/CoreUI.framework/Versions/A/CoreUI
0x00007ff816aed000 	/System/Library/Frameworks/CoreAudio.framework/Versions/A/CoreAudio
0x00007ff81bcc7000 	/System/Library/Frameworks/DiskArbitration.framework/Versions/A/DiskArbitration
0x00007ff821b59000 	/System/Library/PrivateFrameworks/MultitouchSupport.framework/Versions/A/MultitouchSupport
0x00007ff81a0e0000 	/usr/lib/libenergytrace.dylib
0x00007ff817b6d000 	/System/Library/Frameworks/IOKit.framework/Versions/A/IOKit
0x00007ff8267da000 	/System/Library/Frameworks/CoreServices.framework/Versions/A/CoreServices
0x00007ff81cd90000 	/System/Library/PrivateFrameworks/PerformanceAnalysis.framework/Versions/A/PerformanceAnalysis
0x00007ffa2d59f000 	/System/Library/Frameworks/OpenGL.framework/Versions/A/OpenGL
0x00007ff81fa16000 	/System/Library/PrivateFrameworks/MobileKeyBag.framework/Versions/A/MobileKeyBag
0x00007ff815134000 	/usr/lib/libobjc.A.dylib
0x00007ff8204c4000 	/usr/lib/libSystem.B.dylib
0x00007ff81ac1e000 	/System/Library/Frameworks/ColorSync.framework/Versions/A/ColorSync
0x00007ff8152f0000 	/System/Library/Frameworks/CoreFoundation.framework/Versions/A/CoreFoundation
0x00007ff81e936000 	/System/Library/Frameworks/CoreImage.framework/Versions/A/CoreImage
0x00007ff816903000 	/System/Library/Frameworks/CoreText.framework/Versions/A/CoreText
0x00007ff81e6ea000 	/System/Library/Frameworks/ImageIO.framework/Versions/A/ImageIO
0x00007ff8204ca000 	/System/Library/PrivateFrameworks/SoftLinking.framework/Versions/A/SoftLinking
0x00007ff81ce41000 	/usr/lib/libxml2.2.dylib
0x00007ff8151fd000 	/usr/lib/libc++.1.dylib
0x00007ff82074a000 	/usr/lib/libcompression.dylib
0x00007ff8222c5000 	/System/Library/PrivateFrameworks/TextureIO.framework/Versions/A/TextureIO
0x00007ff820e6a000 	/usr/lib/libate.dylib
0x00007ff8204bf000 	/usr/lib/system/libcache.dylib
0x00007ff82047b000 	/usr/lib/system/libcommonCrypto.dylib
0x00007ff8204a4000 	/usr/lib/system/libcompiler_rt.dylib
0x00007ff82049a000 	/usr/lib/system/libcopyfile.dylib
0x00007ff81502e000 	/usr/lib/system/libcorecrypto.dylib
0x00007ff8150ed000 	/usr/lib/system/libdispatch.dylib
0x00007ff8152af000 	/usr/lib/system/libdyld.dylib
0x00007ff8204b6000 	/usr/lib/system/libkeymgr.dylib
0x00007ff820459000 	/usr/lib/system/libmacho.dylib
0x00007ff81faea000 	/usr/lib/system/libquarantine.dylib
0x00007ff8204b4000 	/usr/lib/system/libremovefile.dylib
0x00007ff81a12d000 	/usr/lib/system/libsystem_asl.dylib
0x00007ff814fdc000 	/usr/lib/system/libsystem_blocks.dylib
0x00007ff815174000 	/usr/lib/system/libsystem_c.dylib
0x00007ff8204ac000 	/usr/lib/system/libsystem_collections.dylib
0x00007ff81ed20000 	/usr/lib/system/libsystem_configuration.dylib
0x00007ff81dfe0000 	/usr/lib/system/libsystem_containermanager.dylib
0x00007ff820192000 	/usr/lib/system/libsystem_coreservices.dylib
0x00007ff8177fb000 	/usr/lib/system/libsystem_darwin.dylib
0x00007ff8204b7000 	/usr/lib/system/libsystem_dnssd.dylib
0x00007ff815171000 	/usr/lib/system/libsystem_featureflags.dylib
0x00007ff8152c5000 	/usr/lib/system/libsystem_info.dylib
0x00007ff8203f1000 	/usr/lib/system/libsystem_m.dylib
0x00007ff8150c1000 	/usr/lib/system/libsystem_malloc.dylib
0x00007ff81a0ca000 	/usr/lib/system/libsystem_networkextension.dylib
0x00007ff817c23000 	/usr/lib/system/libsystem_notify.dylib
0x00007ff8266b1000 	/usr/lib/system/libsystem_product_info_filter.dylib
0x00007ff81ed24000 	/usr/lib/system/libsystem_sandbox.dylib
0x00007ff8204b1000 	/usr/lib/system/libsystem_secinit.dylib
0x00007ff81526c000 	/usr/lib/system/libsystem_kernel.dylib
0x00007ff8152bb000 	/usr/lib/system/libsystem_platform.dylib
0x00007ff8152a3000 	/usr/lib/system/libsystem_pthread.dylib
0x00007ff81b9f1000 	/usr/lib/system/libsystem_symptoms.dylib
0x00007ff815015000 	/usr/lib/system/libsystem_trace.dylib
0x00007ff820487000 	/usr/lib/system/libunwind.dylib
0x00007ff814fde000 	/usr/lib/system/libxpc.dylib
0x00007ff815256000 	/usr/lib/libc++abi.dylib
0x00007ff820492000 	/usr/lib/liboah.dylib
0x00007ff820c23000 	/usr/lib/liblzma.5.dylib
0x00007ff815dad000 	/System/Library/Frameworks/SystemConfiguration.framework/Versions/A/SystemConfiguration
0x00007ff8204c6000 	/usr/lib/libfakelink.dylib
0x00007ff819c34000 	/System/Library/Frameworks/CFNetwork.framework/Versions/A/CFNetwork
0x00007ff820605000 	/usr/lib/libarchive.2.dylib
0x00007ff81ed2b000 	/System/Library/PrivateFrameworks/AppleSystemInfo.framework/Versions/A/AppleSystemInfo
0x00007ff81fb10000 	/usr/lib/libbsm.0.dylib
0x00007ff81926b000 	/usr/lib/libnetwork.dylib
0x00007ff82045f000 	/usr/lib/system/libkxld.dylib
0x00007ff81f73f000 	/System/Library/PrivateFrameworks/IOMobileFramebuffer.framework/Versions/A/IOMobileFramebuffer
0x00007ffb2af41000 	/usr/lib/libCoreEntitlements.dylib
0x00007ff820174000 	/System/Library/PrivateFrameworks/AppleFSCompression.framework/Versions/A/AppleFSCompression
0x00007ff81faf9000 	/usr/lib/libcoretls.dylib
0x00007ff820c3d000 	/usr/lib/libcoretls_cfhelpers.dylib
0x00007ff820745000 	/usr/lib/libpam.2.dylib
0x00007ff81b617000 	/usr/lib/libsqlite3.dylib
0x00007ff820cac000 	/usr/lib/libxar.1.dylib
0x00007ff820184000 	/usr/lib/libbz2.1.0.dylib
0x00007ff8204cb000 	/usr/lib/libpcap.A.dylib
0x00007ff81b9e8000 	/usr/lib/libdns_services.dylib
0x00007ff820717000 	/usr/lib/libapple_nghttp2.dylib
0x00007ff820502000 	/usr/lib/libiconv.2.dylib
0x00007ff820458000 	/usr/lib/libcharset.1.dylib
0x00007ff81cdc4000 	/System/Library/Frameworks/CoreServices.framework/Versions/A/Frameworks/FSEvents.framework/Versions/A/FSEvents
0x00007ff817805000 	/System/Library/Frameworks/CoreServices.framework/Versions/A/Frameworks/CarbonCore.framework/Versions/A/CarbonCore
0x00007ff81bc2c000 	/System/Library/Frameworks/CoreServices.framework/Versions/A/Frameworks/Metadata.framework/Versions/A/Metadata
0x00007ff820197000 	/System/Library/Frameworks/CoreServices.framework/Versions/A/Frameworks/OSServices.framework/Versions/A/OSServices
0x00007ff82068b000 	/System/Library/Frameworks/CoreServices.framework/Versions/A/Frameworks/SearchKit.framework/Versions/A/SearchKit
0x00007ff81b97a000 	/System/Library/Frameworks/CoreServices.framework/Versions/A/Frameworks/AE.framework/Versions/A/AE
0x00007ff8157f1000 	/System/Library/Frameworks/CoreServices.framework/Versions/A/Frameworks/LaunchServices.framework/Versions/A/LaunchServices
0x00007ff820bd4000 	/System/Library/Frameworks/CoreServices.framework/Versions/A/Frameworks/DictionaryServices.framework/Versions/A/DictionaryServices
0x00007ff81cdd1000 	/System/Library/Frameworks/CoreServices.framework/Versions/A/Frameworks/SharedFileList.framework/Versions/A/SharedFileList
0x00007ff81faed000 	/usr/lib/libCheckFix.dylib
0x00007ff81a144000 	/System/Library/PrivateFrameworks/TCC.framework/Versions/A/TCC
0x00007ff81ed31000 	/System/Library/PrivateFrameworks/CoreNLP.framework/Versions/A/CoreNLP
0x00007ff81bbdc000 	/System/Library/PrivateFrameworks/MetadataUtilities.framework/Versions/A/MetadataUtilities
0x00007ff815e5d000 	/usr/lib/libmecabra.dylib
0x00007ff81fb20000 	/usr/lib/libmecab.dylib
0x00007ff815e28000 	/usr/lib/libCRFSuite.dylib
0x00007ff81fb7d000 	/usr/lib/libgermantok.dylib
0x00007ff8206f2000 	/usr/lib/libThaiTokenizer.dylib
0x00007ff81bcce000 	/System/Library/Frameworks/Accelerate.framework/Versions/A/Frameworks/vImage.framework/Versions/A/vImage
0x00007ff8267b1000 	/System/Library/Frameworks/Accelerate.framework/Versions/A/Frameworks/vecLib.framework/Versions/A/vecLib
0x00007ff820ced000 	/System/Library/Frameworks/Accelerate.framework/Versions/A/Frameworks/vecLib.framework/Versions/A/libvMisc.dylib
0x00007ff81f533000 	/System/Library/Frameworks/Accelerate.framework/Versions/A/Frameworks/vecLib.framework/Versions/A/libvDSP.dylib
0x00007ff815b69000 	/System/Library/Frameworks/Accelerate.framework/Versions/A/Frameworks/vecLib.framework/Versions/A/libBLAS.dylib
0x00007ff820827000 	/System/Library/Frameworks/Accelerate.framework/Versions/A/Frameworks/vecLib.framework/Versions/A/libLAPACK.dylib
0x00007ff81fb80000 	/System/Library/Frameworks/Accelerate.framework/Versions/A/Frameworks/vecLib.framework/Versions/A/libLinearAlgebra.dylib
0x00007ff820730000 	/System/Library/Frameworks/Accelerate.framework/Versions/A/Frameworks/vecLib.framework/Versions/A/libSparseBLAS.dylib
0x00007ff820821000 	/System/Library/Frameworks/Accelerate.framework/Versions/A/Frameworks/vecLib.framework/Versions/A/libQuadrature.dylib
0x00007ff81ee1b000 	/System/Library/Frameworks/Accelerate.framework/Versions/A/Frameworks/vecLib.framework/Versions/A/libBNNS.dylib
0x00007ff815d3e000 	/System/Library/Frameworks/Accelerate.framework/Versions/A/Frameworks/vecLib.framework/Versions/A/libSparse.dylib
0x00007ff81ee14000 	/System/Library/PrivateFrameworks/LinguisticData.framework/Versions/A/LinguisticData
0x00007ff815cf3000 	/System/Library/PrivateFrameworks/Lexicon.framework/Versions/A/Lexicon
0x00007ff820ce6000 	/usr/lib/libChineseTokenizer.dylib
0x00007ff816457000 	/System/Library/PrivateFrameworks/LanguageModeling.framework/Versions/A/LanguageModeling
0x00007ff8206f4000 	/System/Library/PrivateFrameworks/AppleSauce.framework/Versions/A/AppleSauce
0x00007ff81f72d000 	/System/Library/PrivateFrameworks/CoreEmoji.framework/Versions/A/CoreEmoji
0x00007ff8205f4000 	/usr/lib/libcmph.dylib
0x00007ff81cda8000 	/System/Library/Frameworks/OpenDirectory.framework/Versions/A/Frameworks/CFOpenDirectory.framework/Versions/A/CFOpenDirectory
0x00007ff81cd9c000 	/System/Library/Frameworks/OpenDirectory.framework/Versions/A/OpenDirectory
0x00007ff820c3f000 	/System/Library/PrivateFrameworks/APFS.framework/Versions/A/APFS
0x00007ff81fa4e000 	/System/Library/Frameworks/SecurityFoundation.framework/Versions/A/SecurityFoundation
0x00007ff820cba000 	/usr/lib/libutil.dylib
0x00007ff817b30000 	/System/Library/PrivateFrameworks/CoreServicesStore.framework/Versions/A/CoreServicesStore
0x00007ff820cbe000 	/usr/lib/libxslt.1.dylib
0x00007ff81fadb000 	/System/Library/PrivateFrameworks/BackgroundTaskManagement.framework/Versions/A/BackgroundTaskManagement
0x00007ff8221e7000 	/System/Library/Frameworks/ImageIO.framework/Versions/A/Resources/libRadiance.dylib
0x00007ff8221f0000 	/System/Library/Frameworks/ImageIO.framework/Versions/A/Resources/libJPEG.dylib
0x00007ff822141000 	/System/Library/Frameworks/ImageIO.framework/Versions/A/Resources/libPng.dylib
0x00007ff822162000 	/System/Library/Frameworks/ImageIO.framework/Versions/A/Resources/libTIFF.dylib
0x00007ff82224e000 	/System/Library/Frameworks/ImageIO.framework/Versions/A/Resources/libGIF.dylib
0x00007ff821a76000 	/System/Library/Frameworks/ImageIO.framework/Versions/A/Resources/libJP2.dylib
0x00007ff8211b8000 	/usr/lib/libexpat.1.dylib
0x00007ff821a2b000 	/System/Library/PrivateFrameworks/AppleJPEG.framework/Versions/A/AppleJPEG
0x00007ff81e272000 	/System/Library/PrivateFrameworks/FontServices.framework/libFontParser.dylib
0x00007ff81b924000 	/System/Library/PrivateFrameworks/RunningBoardServices.framework/Versions/A/RunningBoardServices
0x00007ff82c951000 	/System/Library/PrivateFrameworks/IOSurfaceAccelerator.framework/Versions/A/IOSurfaceAccelerator
0x00007ff821b55000 	/System/Library/PrivateFrameworks/WatchdogClient.framework/Versions/A/WatchdogClient
0x00007ff816546000 	/System/Library/Frameworks/CoreDisplay.framework/Versions/A/CoreDisplay
0x00007ff81e172000 	/System/Library/Frameworks/CoreMedia.framework/Versions/A/CoreMedia
0x00007ff81e00f000 	/System/Library/PrivateFrameworks/IOAccelerator.framework/Versions/A/IOAccelerator
0x00007ff81cf24000 	/System/Library/Frameworks/CoreVideo.framework/Versions/A/CoreVideo
0x00007ff820743000 	/System/Library/Frameworks/MetalPerformanceShaders.framework/Versions/A/MetalPerformanceShaders
0x00007ff821b90000 	/System/Library/Frameworks/VideoToolbox.framework/Versions/A/VideoToolbox
0x00007ff81b86c000 	/System/Library/PrivateFrameworks/BaseBoard.framework/Versions/A/BaseBoard
0x00007ff81b5fd000 	/System/Library/PrivateFrameworks/ProtocolBuffer.framework/Versions/A/ProtocolBuffer
0x00007ff8221e0000 	/System/Library/PrivateFrameworks/GPUWrangler.framework/Versions/A/GPUWrangler
0x00007ff8221c3000 	/System/Library/PrivateFrameworks/IOPresentment.framework/Versions/A/IOPresentment
0x00007ff8221ea000 	/System/Library/PrivateFrameworks/DSExternalDisplay.framework/Versions/A/DSExternalDisplay
0x00007ffa2d593000 	/System/Library/Frameworks/OpenGL.framework/Versions/A/Libraries/libCoreFSCache.dylib
0x00007ffb19540000 	/System/Library/PrivateFrameworks/GPUCompiler.framework/Versions/31001/Libraries/libGPUCompilerUtils.dylib
0x00007ff822253000 	/System/Library/PrivateFrameworks/CMCaptureCore.framework/Versions/A/CMCaptureCore
0x00007ff821764000 	/System/Library/PrivateFrameworks/AppServerSupport.framework/Versions/A/AppServerSupport
0x00007ff82392e000 	/System/Library/PrivateFrameworks/perfdata.framework/Versions/A/perfdata
0x00007ff816672000 	/System/Library/PrivateFrameworks/AudioToolboxCore.framework/Versions/A/AudioToolboxCore
0x00007ff81e14f000 	/System/Library/PrivateFrameworks/caulk.framework/Versions/A/caulk
0x00007ff82325b000 	/usr/lib/libAudioStatistics.dylib
0x00007ff91a3ef000 	/System/Library/PrivateFrameworks/SystemPolicy.framework/Versions/A/SystemPolicy
0x00007ff8234a7000 	/usr/lib/libSMC.dylib
0x00007ff82c293000 	/System/Library/Frameworks/CoreMIDI.framework/Versions/A/CoreMIDI
0x00007ff822111000 	/usr/lib/libAudioToolboxUtility.dylib
0x00007ff916877000 	/System/Library/PrivateFrameworks/OSAServicesClient.framework/Versions/A/OSAServicesClient
0x00007ff82393b000 	/usr/lib/libperfcheck.dylib
0x00007ff91ae7b000 	/usr/lib/libmis.dylib
0x00007ffa2d5ef000 	/System/Library/Frameworks/OpenGL.framework/Versions/A/Libraries/libGLU.dylib
0x00007ffa2d5b2000 	/System/Library/Frameworks/OpenGL.framework/Versions/A/Libraries/libGFXShared.dylib
0x00007ffa2d7c0000 	/System/Library/Frameworks/OpenGL.framework/Versions/A/Libraries/libGL.dylib
0x00007ffa2d5bb000 	/System/Library/Frameworks/OpenGL.framework/Versions/A/Libraries/libGLImage.dylib
0x00007ffa2d5af000 	/System/Library/Frameworks/OpenGL.framework/Versions/A/Libraries/libCVMSPluginSupport.dylib
0x00007ffa2d59a000 	/System/Library/Frameworks/OpenGL.framework/Versions/A/Libraries/libCoreVMClient.dylib
0x00007ff81ecaf000 	/System/Library/Frameworks/MetalPerformanceShaders.framework/Versions/A/Frameworks/MPSCore.framework/Versions/A/MPSCore
0x00007ff8200df000 	/System/Library/Frameworks/MetalPerformanceShaders.framework/Versions/A/Frameworks/MPSImage.framework/Versions/A/MPSImage
0x00007ff81fb96000 	/System/Library/Frameworks/MetalPerformanceShaders.framework/Versions/A/Frameworks/MPSNeuralNetwork.framework/Versions/A/MPSNeuralNetwork
0x00007ff82000b000 	/System/Library/Frameworks/MetalPerformanceShaders.framework/Versions/A/Frameworks/MPSMatrix.framework/Versions/A/MPSMatrix
0x00007ff81fdc7000 	/System/Library/Frameworks/MetalPerformanceShaders.framework/Versions/A/Frameworks/MPSRayIntersector.framework/Versions/A/MPSRayIntersector
0x00007ff820044000 	/System/Library/Frameworks/MetalPerformanceShaders.framework/Versions/A/Frameworks/MPSNDArray.framework/Versions/A/MPSNDArray
0x00007ffa32198000 	/System/Library/Frameworks/MetalPerformanceShaders.framework/Versions/A/Frameworks/MPSFunctions.framework/Versions/A/MPSFunctions
0x00007ff815a4c000 	/System/Library/PrivateFrameworks/MetalTools.framework/Versions/A/MetalTools
0x00007ff81ed29000 	/System/Library/PrivateFrameworks/AggregateDictionary.framework/Versions/A/AggregateDictionary
0x00007ff820f9a000 	/usr/lib/libIOReport.dylib
0x00007ffa2ebcf000 	/System/Library/Frameworks/OpenCL.framework/Versions/A/OpenCL
0x00007ff8212fe000 	/System/Library/PrivateFrameworks/FaceCore.framework/Versions/A/FaceCore
0x00007ff8212ef000 	/System/Library/PrivateFrameworks/GraphVisualizer.framework/Versions/A/GraphVisualizer
0x00007ffb1944b000 	/System/Library/PrivateFrameworks/FontServices.framework/Versions/A/FontServices
0x00007ff82171b000 	/System/Library/PrivateFrameworks/OTSVG.framework/Versions/A/OTSVG
0x00007ff81cb0c000 	/System/Library/Frameworks/ApplicationServices.framework/Versions/A/Frameworks/ATS.framework/Versions/A/Resources/libFontRegistry.dylib
0x00007ff82176c000 	/System/Library/PrivateFrameworks/FontServices.framework/libhvf.dylib
0x00007ffb1944c000 	/System/Library/PrivateFrameworks/FontServices.framework/libXTFontStaticRegistryData.dylib
0x00007ff821168000 	/System/Library/PrivateFrameworks/AppleVA.framework/Versions/A/AppleVA
0x00007ff82327b000 	/System/Library/Frameworks/ApplicationServices.framework/Versions/A/Frameworks/ATS.framework/Versions/A/ATS
0x00007ff81ad1a000 	/System/Library/Frameworks/ApplicationServices.framework/Versions/A/Frameworks/HIServices.framework/Versions/A/HIServices
0x00007ff82225d000 	/System/Library/Frameworks/ApplicationServices.framework/Versions/A/Frameworks/PrintCore.framework/Versions/A/PrintCore
0x00007ff8235fa000 	/System/Library/Frameworks/ApplicationServices.framework/Versions/A/Frameworks/QD.framework/Versions/A/QD
0x00007ff8235f2000 	/System/Library/Frameworks/ApplicationServices.framework/Versions/A/Frameworks/ColorSyncLegacy.framework/Versions/A/ColorSyncLegacy
0x00007ff82326b000 	/System/Library/Frameworks/ApplicationServices.framework/Versions/A/Frameworks/SpeechSynthesis.framework/Versions/A/SpeechSynthesis
0x00007ff82221e000 	/System/Library/Frameworks/ApplicationServices.framework/Versions/A/Frameworks/ATSUI.framework/Versions/A/ATSUI
0x00007ff823587000 	/usr/lib/libcups.2.dylib
0x00007ff82394a000 	/System/Library/Frameworks/Kerberos.framework/Versions/A/Kerberos
0x00007ff823959000 	/System/Library/Frameworks/GSS.framework/Versions/A/GSS
0x00007ff8232e7000 	/usr/lib/libresolv.9.dylib
0x00007ff82177b000 	/System/Library/PrivateFrameworks/Heimdal.framework/Versions/A/Heimdal
0x00007ff82a3fd000 	/System/Library/Frameworks/Kerberos.framework/Versions/A/Libraries/libHeimdalProxy.dylib
0x00007ff81b9f9000 	/System/Library/Frameworks/Network.framework/Versions/A/Network
0x00007ff8211d2000 	/usr/lib/libheimdal-asn1.dylib
0x00007ff8239a4000 	/System/Library/PrivateFrameworks/CommonAuth.framework/Versions/A/CommonAuth
0x00007ff8231ec000 	/System/Library/PrivateFrameworks/AudioSession.framework/Versions/A/AudioSession
0x00007ff821262000 	/System/Library/PrivateFrameworks/MediaExperience.framework/Versions/A/MediaExperience
0x00007ff823080000 	/System/Library/PrivateFrameworks/AudioSession.framework/libSessionUtility.dylib
0x00007ff823606000 	/System/Library/PrivateFrameworks/AudioResourceArbitration.framework/Versions/A/AudioResourceArbitration
0x00007ff8211db000 	/System/Library/PrivateFrameworks/IconFoundation.framework/Versions/A/IconFoundation
0x00007ff8263e0000 	/System/Library/PrivateFrameworks/SpeechRecognitionCore.framework/Versions/A/SpeechRecognitionCore
0x000000010b9d9000 	/Applications/RStudio.app/Contents/Frameworks/libgssapi_krb5.2.2.dylib
0x000000010c68e000 	/Applications/RStudio.app/Contents/Frameworks/libkrb5.3.3.dylib
0x000000010b83a000 	/Applications/RStudio.app/Contents/Frameworks/libk5crypto.3.1.dylib
0x000000010b767000 	/Applications/RStudio.app/Contents/Frameworks/libcom_err.3.0.dylib
0x000000010ba90000 	/Applications/RStudio.app/Contents/Frameworks/libkrb5support.1.1.dylib
0x000000010babc000 	/Applications/RStudio.app/Contents/Frameworks/libintl.8.dylib
0x000000010c5cc000 	/Library/Frameworks/R.framework/Versions/4.1/Resources/lib/libRblas.0.dylib
0x000000010cfef000 	/Library/Frameworks/R.framework/Versions/4.1/Resources/lib/libgfortran.5.dylib
0x000000010cd36000 	/Library/Frameworks/R.framework/Versions/4.1/Resources/lib/libquadmath.0.dylib
0x000000010c63b000 	/Library/Frameworks/R.framework/Versions/4.1/Resources/lib/libgcc_s.1.dylib
0x00007ff91eb24000 	/usr/lib/libncurses.5.4.dylib
0x00007ffa195ce000 	/System/Library/CoreServices/Encodings/libJapaneseConverter.dylib
0x000000010cdda000 	/Library/Frameworks/R.framework/Versions/4.1/Resources/library/methods/libs/methods.so
0x000000010ce1c000 	/Library/Frameworks/R.framework/Versions/4.1/Resources/library/utils/libs/utils.so
0x000000010f16a000 	/Library/Frameworks/R.framework/Versions/4.1/Resources/library/Rcpp/libs/Rcpp.so
0x000000010ceaa000 	/Library/Frameworks/R.framework/Versions/4.1/Resources/library/grDevices/libs/grDevices.so
0x00007ff821835000 	/System/Library/PrivateFrameworks/login.framework/Versions/A/login
0x00007ff81cf75000 	/System/Library/PrivateFrameworks/login.framework/Versions/A/Frameworks/loginsupport.framework/Versions/A/loginsupport
0x000000010f2a7000 	/Library/Frameworks/R.framework/Versions/4.1/Resources/library/graphics/libs/graphics.so
0x000000010f430000 	/Library/Frameworks/R.framework/Versions/4.1/Resources/library/stats/libs/stats.so
0x000000010f80c000 	/Library/Frameworks/R.framework/Versions/4.1/Resources/lib/libRlapack.dylib
0x000000010ce68000 	/Library/Frameworks/R.framework/Versions/4.1/Resources/library/plyr/libs/plyr.so
0x000000010f367000 	/Library/Frameworks/R.framework/Versions/4.1/Resources/library/rlang/libs/rlang.so
0x000000010f5f2000 	/Library/Frameworks/R.framework/Versions/4.1/Resources/library/vctrs/libs/vctrs.so
0x000000010cdca000 	/Library/Frameworks/R.framework/Versions/4.1/Resources/library/glue/libs/glue.so
0x000000010ce09000 	/Library/Frameworks/R.framework/Versions/4.1/Resources/library/magrittr/libs/magrittr.so
0x000000010ce4e000 	/Library/Frameworks/R.framework/Versions/4.1/Resources/library/ellipsis/libs/ellipsis.so
0x000000010cf7d000 	/Library/Frameworks/R.framework/Versions/4.1/Resources/library/fansi/libs/fansi.so
0x000000010fc6d000 	/Library/Frameworks/R.framework/Versions/4.1/Resources/library/utf8/libs/utf8.so
0x000000010cf6a000 	/Library/Frameworks/R.framework/Versions/4.1/Resources/library/tibble/libs/tibble.so
0x000000010f3e8000 	/Library/Frameworks/R.framework/Versions/4.1/Resources/library/purrr/libs/purrr.so
0x000000010f7a2000 	/Library/Frameworks/R.framework/Versions/4.1/Resources/library/dplyr/libs/dplyr.so
0x000000010f7cb000 	/Library/Frameworks/R.framework/Versions/4.1/Resources/library/jsonlite/libs/jsonlite.so
0x000000010fcd6000 	/Library/Frameworks/R.framework/Versions/4.1/Resources/library/tidyr/libs/tidyr.so
0x000000010fd68000 	/Library/Frameworks/R.framework/Versions/4.1/Resources/library/triebeard/libs/triebeard.so
0x000000010fe16000 	/Library/Frameworks/R.framework/Versions/4.1/Resources/library/urltools/libs/urltools.so
0x0000000110062000 	/Library/Frameworks/R.framework/Versions/4.1/Resources/library/xml2/libs/xml2.so
0x000000010feb8000 	/Library/Frameworks/R.framework/Versions/4.1/Resources/library/grid/libs/grid.so
0x000000010fd12000 	/Library/Frameworks/R.framework/Versions/4.1/Resources/library/colorspace/libs/colorspace.so
0x000000010fd40000 	/Library/Frameworks/R.framework/Versions/4.1/Resources/library/lattice/libs/lattice.so
0x000000010ff33000 	/Library/Frameworks/R.framework/Versions/4.1/Resources/library/splines/libs/splines.so
0x000000011043b000 	/Library/Frameworks/R.framework/Versions/4.1/Resources/library/Matrix/libs/Matrix.so
0x0000000110659000 	/Library/Frameworks/R.framework/Versions/4.1/Resources/library/survival/libs/survival.so
0x000000010f7fa000 	/Library/Frameworks/R.framework/Versions/4.1/Resources/library/base64enc/libs/base64enc.so
0x000000011070e000 	/Library/Frameworks/R.framework/Versions/4.1/Resources/library/png/libs/png.so
0x00000001107a3000 	/Library/Frameworks/R.framework/Versions/4.1/Resources/library/jpeg/libs/jpeg.so
0x000000010ffac000 	/Library/Frameworks/R.framework/Versions/4.1/Resources/library/cluster/libs/cluster.so
0x0000000110852000 	/Library/Frameworks/R.framework/Versions/4.1/Resources/library/foreign/libs/foreign.so
0x000000010ffe9000 	/Library/Frameworks/R.framework/Versions/4.1/Resources/library/nnet/libs/nnet.so
0x000000011000b000 	/Library/Frameworks/R.framework/Versions/4.1/Resources/library/rpart/libs/rpart.so
0x00000001108a7000 	/Library/Frameworks/R.framework/Versions/4.1/Resources/library/checkmate/libs/checkmate.so
0x000000010ce5a000 	/Library/Frameworks/R.framework/Versions/4.1/Resources/library/backports/libs/backports.so
0x00000001108fe000 	/Library/Frameworks/R.framework/Versions/4.1/Resources/library/digest/libs/digest.so
0x00000001108d7000 	/Library/Frameworks/R.framework/Versions/4.1/Resources/library/fastmap/libs/fastmap.so
0x000000010ce9e000 	/Library/Frameworks/R.framework/Versions/4.1/Resources/library/htmltools/libs/htmltools.so
0x000000010fd59000 	/Library/Frameworks/R.framework/Versions/4.1/Resources/library/xfun/libs/xfun.so
0x0000000110974000 	/Library/Frameworks/R.framework/Versions/4.1/Resources/library/tools/libs/tools.so
0x000000011113c000 	/Library/Frameworks/R.framework/Versions/4.1/Resources/library/stringi/libs/stringi.so
0x0000000110a3c000 	/Library/Frameworks/R.framework/Versions/4.1/Resources/library/data.table/libs/datatable.so
0x000000010ff96000 	/Library/Frameworks/R.framework/Versions/4.1/Resources/library/Hmisc/libs/Hmisc.so
0x0000000110b64000 	/Library/Frameworks/R.framework/Versions/4.1/Resources/library/lubridate/libs/lubridate.so
0x0000000113bb7000 	/Library/Frameworks/R.framework/Versions/4.1/Resources/library/mvtnorm/libs/mvtnorm.so
0x0000000110951000 	/Library/Frameworks/R.framework/Versions/4.1/Resources/library/MASS/libs/MASS.so
0x0000000110045000 	/Library/Frameworks/R.framework/Versions/4.1/Resources/library/zoo/libs/zoo.so
0x00000001109db000 	/Library/Frameworks/R.framework/Versions/4.1/Resources/library/zip/libs/zip.so
0x0000000110c7d000 	/Library/Frameworks/R.framework/Versions/4.1/Resources/library/openxlsx/libs/openxlsx.so
0x0000000110db2000 	/Library/Frameworks/R.framework/Versions/4.1/Resources/library/readxl/libs/readxl.so
0x0000000110e81000 	/Library/Frameworks/R.framework/Versions/4.1/Resources/library/haven/libs/haven.so
0x0000000114255000 	/Library/Frameworks/R.framework/Versions/4.1/Resources/library/readr/libs/readr.so
0x0000000110f94000 	/Library/Frameworks/R.framework/Versions/4.1/Resources/library/tzdb/libs/tzdb.so
0x0000000111040000 	/Library/Frameworks/R.framework/Versions/4.1/Resources/library/fs/libs/fs.so
0x0000000110c0e000 	/Library/Frameworks/R.framework/Versions/4.1/Resources/library/cli/libs/cli.so
0x0000000114384000 	/Library/Frameworks/R.framework/Versions/4.1/Resources/library/writexl/libs/writexl.so
0x00000001110d5000 	/Library/Internet Plug-Ins/JavaAppletPlugin.plugin/Contents/Home/lib/jli/libjli.dylib
0x00007ff82c3e0000 	/System/Library/Frameworks/Cocoa.framework/Versions/A/Cocoa
0x000000011522b000 	/Library/Internet Plug-Ins/JavaAppletPlugin.plugin/Contents/Home/lib/server/libjvm.dylib
0x0000000111100000 	/Library/Frameworks/R.framework/Versions/4.1/Resources/library/rJava/libs/rJava.so
0x0000000110be9000 	/Library/Internet Plug-Ins/JavaAppletPlugin.plugin/Contents/Home/lib/libverify.dylib
0x0000000114491000 	/Library/Internet Plug-Ins/JavaAppletPlugin.plugin/Contents/Home/lib/libjava.dylib
0x00000001109bd000 	/Library/Internet Plug-Ins/JavaAppletPlugin.plugin/Contents/Home/lib/libzip.dylib
0x0000000132f13000 	/Library/Developer/CommandLineTools/usr/lib/libclang.dylib
0x000000012780e000 	/Library/Frameworks/R.framework/Versions/4.1/Resources/modules/internet.so
0x00007ff829e18000 	/usr/lib/libcurl.4.dylib
0x00007ff829b77000 	/usr/lib/libcrypto.44.dylib
0x00007ff829c7e000 	/usr/lib/libssl.46.dylib
0x00007ff829b3d000 	/System/Library/Frameworks/LDAP.framework/Versions/A/LDAP
0x00007ff829b75000 	/System/Library/PrivateFrameworks/TrustEvaluationAgent.framework/Versions/A/TrustEvaluationAgent
0x00007ff823300000 	/usr/lib/libsasl2.2.dylib
0x00007ff826a9b000 	/System/Library/PrivateFrameworks/CoreDaemon.framework/Versions/B/CoreDaemon
0x00007ff826a96000 	/System/Library/PrivateFrameworks/AppleSRP.framework/Versions/A/AppleSRP
0x00007ff81fae5000 	/System/Library/Frameworks/ServiceManagement.framework/Versions/A/ServiceManagement
0x00000001151c5000 	/Library/Frameworks/R.framework/Versions/4.1/Resources/library/cachem/libs/cachem.so
0x00000001151e2000 	/Library/Frameworks/R.framework/Versions/4.1/Resources/library/processx/libs/processx.so
0x000000012795d000 	/Library/Frameworks/R.framework/Versions/4.1/Resources/library/ps/libs/ps.so
0x0000000127a39000 	/Library/Frameworks/R.framework/Versions/4.1/Resources/library/testthat/libs/testthat.so

VM Arguments:
jvm_args: -Djava.awt.headless=true -Xmx512m -Xrs vfprintf exit -Xss2m 
java_command: <unknown>
java_class_path (initial): /Library/Frameworks/R.framework/Versions/4.1/Resources/library/rJava/java/boot
Launcher Type: generic

Environment Variables:
PATH=/usr/bin:/bin:/usr/sbin:/sbin:/usr/local/bin:/Applications/RStudio.app/Contents/MacOS/postback
LD_LIBRARY_PATH=
SHELL=/bin/zsh
DISPLAY=:0
DYLD_LIBRARY_PATH=/Library/Internet Plug-Ins/JavaAppletPlugin.plugin/Contents/Home/lib/server
DYLD_FALLBACK_LIBRARY_PATH=/Library/Frameworks/R.framework/Resources/lib:/Library/Frameworks/R.framework/Resources/lib:/Users/user/lib:/usr/local/lib:/usr/lib:/lib:/Library/Java/JavaVirtualMachines/jdk1.8.0_241.jdk/Contents/Home/jre/lib/server:/Library/Frameworks/R.framework/Resources/lib:/Library/Java/JavaVirtualMachines/jdk1.8.0_241.jdk/Contents/Home/jre/lib/server:/var/folders/lk/4p5ntk3x6g92by71x7pgbr380000gn/T/rstudio-fallback-library-path-VhrL6L

Signal Handlers:
SIGSEGV: [libjvm.dylib+0x59bd8b], sa_mask[0]=11111111111111111111111111111111, sa_flags=SA_ONSTACK|SA_RESTART|SA_SIGINFO
SIGBUS: [libjvm.dylib+0x59bd8b], sa_mask[0]=11111111111111111111111111111111, sa_flags=SA_RESTART|SA_SIGINFO
SIGFPE: [libjvm.dylib+0x59bd8b], sa_mask[0]=11111111111111111111111111111111, sa_flags=SA_RESTART|SA_SIGINFO
SIGPIPE: [libjvm.dylib+0x48f813], sa_mask[0]=11111111111111111111111111111111, sa_flags=SA_RESTART|SA_SIGINFO
SIGXFSZ: [libjvm.dylib+0x48f813], sa_mask[0]=11111111111111111111111111111111, sa_flags=SA_RESTART|SA_SIGINFO
SIGILL: [libjvm.dylib+0x59bd8b], sa_mask[0]=11111111111111111111111111111111, sa_flags=SA_RESTART|SA_SIGINFO
SIGUSR1: SIG_IGN, sa_mask[0]=00000000000000000000000000000000, sa_flags=none
SIGUSR2: SIG_IGN, sa_mask[0]=00000000000000000000000000000000, sa_flags=none
SIGHUP: SIG_DFL, sa_mask[0]=00000000000000000000000000000000, sa_flags=none
SIGINT: [rsession+0x16e6b0], sa_mask[0]=00000000000000000000000000000000, sa_flags=SA_RESTART
SIGTERM: SIG_DFL, sa_mask[0]=00000000000000000000000000000000, sa_flags=none
SIGQUIT: SIG_DFL, sa_mask[0]=00000000000000000000000000000000, sa_flags=none


---------------  S Y S T E M  ---------------

OS:Bsduname:Darwin 21.1.0 Darwin Kernel Version 21.1.0: Wed Oct 13 17:33:01 PDT 2021; root:xnu-8019.41.5~1/RELEASE_ARM64_T6000 x86_64
rlimit: STACK 8176k, CORE 0k, NPROC 10666, NOFILE 12544, AS infinity
load average:3.89 3.36 3.23

CPU:total 10 (initial active 10) (1 cores per cpu, 1 threads per core) family 6 model 44 stepping 0, cmov, cx8, fxsr, mmx, sse, sse2, sse3, ssse3, sse4.1, sse4.2, popcnt, aes, clmul, tsc, tscinvbit, tscinv

Memory: 4k page, physical 67108864k(655420k free)

/proc/meminfo:


vm_info: Java HotSpot(TM) 64-Bit Server VM (25.311-b11) for bsd-amd64 JRE (1.8.0_311-b11), built on Sep 27 2021 13:08:09 by "java_re" with gcc 4.2.1 Compatible Apple LLVM 11.0.0 (clang-1100.0.33.17)

time: Thu Dec  9 14:26:17 2021
timezone: JST
elapsed time: 299.651562 seconds (0d 0h 4m 59s)

